app/build/intermediates/manifest_merge_blame_file/debug/manifest-merger-blame-debug-report.txt
1<?xml version="1.0" encoding="utf-8"?>
2<manifest xmlns:android="http://schemas.android.com/apk/res/android"
3    package="com.example.ezinvoicebusiness"
4    android:versionCode="1"
5    android:versionName="1.0" >
6
7    <uses-sdk
8        android:minSdkVersion="21"
8-->src\main\AndroidManifest.xml
9        android:targetSdkVersion="32" />
9-->src\main\AndroidManifest.xml
10
11    <uses-permission android:name="android.permission.WRITE_EXTERNAL_STORAGE" />
11-->src\main\AndroidManifest.xml:5:5-81
11-->src\main\AndroidManifest.xml:5:22-78
12    <uses-permission android:name="android.permission.ACCESS_NETWORK_STATE" />
12-->[com.firebaseui:firebase-ui-auth:8.0.0] AndroidManifest.xml:10:5-79
12-->[com.firebaseui:firebase-ui-auth:8.0.0] AndroidManifest.xml:10:22-76
13    <uses-permission android:name="android.permission.INTERNET" />
13-->[com.firebaseui:firebase-ui-auth:8.0.0] AndroidManifest.xml:11:5-67
13-->[com.firebaseui:firebase-ui-auth:8.0.0] AndroidManifest.xml:11:22-64
14    <uses-permission android:name="android.permission.READ_EXTERNAL_STORAGE" />
15    <uses-permission android:name="android.permission.WAKE_LOCK" />
15-->[com.google.android.gms:play-services-measurement-api:20.1.1] AndroidManifest.xml:24:5-68
15-->[com.google.android.gms:play-services-measurement-api:20.1.1] AndroidManifest.xml:24:22-65
16    <uses-permission android:name="com.google.android.gms.permission.AD_ID" />
16-->[com.google.android.gms:play-services-measurement-api:20.1.1] AndroidManifest.xml:25:5-79
16-->[com.google.android.gms:play-services-measurement-api:20.1.1] AndroidManifest.xml:25:22-76
17    <uses-permission android:name="com.google.android.finsky.permission.BIND_GET_INSTALL_REFERRER_SERVICE" />
17-->[com.google.android.gms:play-services-measurement:20.1.1] AndroidManifest.xml:26:5-110
17-->[com.google.android.gms:play-services-measurement:20.1.1] AndroidManifest.xml:26:22-107
18
19    <application
19-->src\main\AndroidManifest.xml:7:5-48:19
20        android:allowBackup="true"
20-->src\main\AndroidManifest.xml:8:9-35
21        android:allowClearUserData="true"
21-->src\main\AndroidManifest.xml:9:9-42
22        android:appComponentFactory="androidx.core.app.CoreComponentFactory"
22-->[androidx.core:core:1.7.0] AndroidManifest.xml:24:18-86
23        android:debuggable="true"
24        android:icon="@mipmap/logo"
24-->src\main\AndroidManifest.xml:10:9-36
25        android:label="@string/app"
25-->src\main\AndroidManifest.xml:11:9-36
26        android:roundIcon="@mipmap/logo_round"
26-->src\main\AndroidManifest.xml:12:9-47
27        android:supportsRtl="true"
27-->src\main\AndroidManifest.xml:13:9-35
28        android:testOnly="true"
29        android:theme="@style/Theme.EZInvoiceBusiness" >
29-->src\main\AndroidManifest.xml:14:9-55
30        <activity
30-->src\main\AndroidManifest.xml:15:9-17:39
31            android:name="com.example.ezinvoicebusiness.CreateInvoiceActivity"
31-->src\main\AndroidManifest.xml:16:13-50
32            android:exported="true" />
32-->src\main\AndroidManifest.xml:17:13-36
33        <activity
33-->src\main\AndroidManifest.xml:18:9-20:39
34            android:name="com.example.ezinvoicebusiness.MyInvoicesActivity"
34-->src\main\AndroidManifest.xml:19:13-47
35            android:exported="true" />
35-->src\main\AndroidManifest.xml:20:13-36
36        <activity
36-->src\main\AndroidManifest.xml:21:9-23:39
37            android:name="com.example.ezinvoicebusiness.MyCustomersActivity"
37-->src\main\AndroidManifest.xml:22:13-48
38            android:exported="true" />
38-->src\main\AndroidManifest.xml:23:13-36
39        <activity
39-->src\main\AndroidManifest.xml:24:9-26:39
40            android:name="com.example.ezinvoicebusiness.AccountDetailsActivity"
40-->src\main\AndroidManifest.xml:25:13-51
41            android:exported="true" />
41-->src\main\AndroidManifest.xml:26:13-36
42        <activity
42-->src\main\AndroidManifest.xml:27:9-30:65
43            android:name="com.example.ezinvoicebusiness.RegisterActivity"
43-->src\main\AndroidManifest.xml:28:13-45
44            android:exported="true"
44-->src\main\AndroidManifest.xml:29:13-36
45            android:label="Fill out account details" />
45-->src\main\AndroidManifest.xml:30:13-53
46        <activity
46-->src\main\AndroidManifest.xml:31:9-39:20
47            android:name="com.example.ezinvoicebusiness.LoginActivity"
47-->src\main\AndroidManifest.xml:32:13-42
48            android:exported="true"
48-->src\main\AndroidManifest.xml:33:13-36
49            android:label="Login to access the application" >
49-->src\main\AndroidManifest.xml:34:13-60
50            <intent-filter>
50-->src\main\AndroidManifest.xml:35:13-38:29
51                <action android:name="android.intent.action.MAIN" />
51-->src\main\AndroidManifest.xml:36:17-69
51-->src\main\AndroidManifest.xml:36:25-66
52
53                <category android:name="android.intent.category.LAUNCHER" />
53-->src\main\AndroidManifest.xml:37:17-77
53-->src\main\AndroidManifest.xml:37:27-74
54            </intent-filter>
55        </activity>
56        <activity
56-->src\main\AndroidManifest.xml:40:9-43:60
57            android:name="com.example.ezinvoicebusiness.ResetPasswordActivity"
57-->src\main\AndroidManifest.xml:41:13-50
58            android:exported="true"
58-->src\main\AndroidManifest.xml:42:13-36
59            android:label="@string/enter_email" />
59-->src\main\AndroidManifest.xml:43:13-48
60        <activity
60-->src\main\AndroidManifest.xml:44:9-47:57
61            android:name="com.example.ezinvoicebusiness.MainActivity"
61-->src\main\AndroidManifest.xml:45:13-41
62            android:exported="true"
62-->src\main\AndroidManifest.xml:46:13-36
63            android:label="@string/app_name" />
63-->src\main\AndroidManifest.xml:47:13-45
64
65        <meta-data
65-->[com.firebaseui:firebase-ui-auth:8.0.0] AndroidManifest.xml:14:9-16:69
66            android:name="com.google.android.gms.version"
66-->[com.firebaseui:firebase-ui-auth:8.0.0] AndroidManifest.xml:15:13-58
67            android:value="@integer/google_play_services_version" />
67-->[com.firebaseui:firebase-ui-auth:8.0.0] AndroidManifest.xml:16:13-66
68        <meta-data
68-->[com.firebaseui:firebase-ui-auth:8.0.0] AndroidManifest.xml:17:9-19:63
69            android:name="com.facebook.sdk.ApplicationId"
69-->[com.firebaseui:firebase-ui-auth:8.0.0] AndroidManifest.xml:18:13-58
70            android:value="@string/facebook_application_id" />
70-->[com.firebaseui:firebase-ui-auth:8.0.0] AndroidManifest.xml:19:13-60
71
72        <activity
72-->[com.firebaseui:firebase-ui-auth:8.0.0] AndroidManifest.xml:21:9-25:61
73            android:name="com.firebase.ui.auth.KickoffActivity"
73-->[com.firebaseui:firebase-ui-auth:8.0.0] AndroidManifest.xml:22:13-64
74            android:exported="false"
74-->[com.firebaseui:firebase-ui-auth:8.0.0] AndroidManifest.xml:23:13-37
75            android:label=""
75-->[com.firebaseui:firebase-ui-auth:8.0.0] AndroidManifest.xml:24:13-29
76            android:theme="@style/FirebaseUI.Transparent" />
76-->[com.firebaseui:firebase-ui-auth:8.0.0] AndroidManifest.xml:25:13-58
77        <activity
77-->[com.firebaseui:firebase-ui-auth:8.0.0] AndroidManifest.xml:26:9-30:61
78            android:name="com.firebase.ui.auth.ui.idp.SingleSignInActivity"
78-->[com.firebaseui:firebase-ui-auth:8.0.0] AndroidManifest.xml:27:13-76
79            android:exported="false"
79-->[com.firebaseui:firebase-ui-auth:8.0.0] AndroidManifest.xml:28:13-37
80            android:label=""
80-->[com.firebaseui:firebase-ui-auth:8.0.0] AndroidManifest.xml:29:13-29
81            android:theme="@style/FirebaseUI.Transparent" />
81-->[com.firebaseui:firebase-ui-auth:8.0.0] AndroidManifest.xml:30:13-58
82        <activity
82-->[com.firebaseui:firebase-ui-auth:8.0.0] AndroidManifest.xml:31:9-35:61
83            android:name="com.firebase.ui.auth.ui.credentials.CredentialSaveActivity"
83-->[com.firebaseui:firebase-ui-auth:8.0.0] AndroidManifest.xml:32:13-86
84            android:exported="false"
84-->[com.firebaseui:firebase-ui-auth:8.0.0] AndroidManifest.xml:33:13-37
85            android:label=""
85-->[com.firebaseui:firebase-ui-auth:8.0.0] AndroidManifest.xml:34:13-29
86            android:theme="@style/FirebaseUI.Transparent" />
86-->[com.firebaseui:firebase-ui-auth:8.0.0] AndroidManifest.xml:35:13-58
87        <activity
87-->[com.firebaseui:firebase-ui-auth:8.0.0] AndroidManifest.xml:36:9-40:58
88            android:name="com.firebase.ui.auth.ui.email.RecoverPasswordActivity"
88-->[com.firebaseui:firebase-ui-auth:8.0.0] AndroidManifest.xml:37:13-81
89            android:exported="false"
89-->[com.firebaseui:firebase-ui-auth:8.0.0] AndroidManifest.xml:38:13-37
90            android:label="@string/fui_title_recover_password_activity"
90-->[com.firebaseui:firebase-ui-auth:8.0.0] AndroidManifest.xml:39:13-72
91            android:windowSoftInputMode="adjustResize" />
91-->[com.firebaseui:firebase-ui-auth:8.0.0] AndroidManifest.xml:40:13-55
92        <activity
92-->[com.firebaseui:firebase-ui-auth:8.0.0] AndroidManifest.xml:41:9-45:58
93            android:name="com.firebase.ui.auth.ui.email.EmailActivity"
93-->[com.firebaseui:firebase-ui-auth:8.0.0] AndroidManifest.xml:42:13-71
94            android:exported="false"
94-->[com.firebaseui:firebase-ui-auth:8.0.0] AndroidManifest.xml:43:13-37
95            android:label="@string/fui_sign_in_default"
95-->[com.firebaseui:firebase-ui-auth:8.0.0] AndroidManifest.xml:44:13-56
96            android:windowSoftInputMode="adjustResize" />
96-->[com.firebaseui:firebase-ui-auth:8.0.0] AndroidManifest.xml:45:13-55
97        <activity
97-->[com.firebaseui:firebase-ui-auth:8.0.0] AndroidManifest.xml:46:9-50:77
98            android:name="com.firebase.ui.auth.ui.phone.PhoneActivity"
98-->[com.firebaseui:firebase-ui-auth:8.0.0] AndroidManifest.xml:47:13-71
99            android:exported="false"
99-->[com.firebaseui:firebase-ui-auth:8.0.0] AndroidManifest.xml:48:13-37
100            android:label="@string/fui_sign_in_with_phone_number"
100-->[com.firebaseui:firebase-ui-auth:8.0.0] AndroidManifest.xml:49:13-66
101            android:windowSoftInputMode="adjustResize|stateAlwaysVisible" />
101-->[com.firebaseui:firebase-ui-auth:8.0.0] AndroidManifest.xml:50:13-74
102        <activity
102-->[com.firebaseui:firebase-ui-auth:8.0.0] AndroidManifest.xml:51:9-55:58
103            android:name="com.firebase.ui.auth.ui.idp.WelcomeBackIdpPrompt"
103-->[com.firebaseui:firebase-ui-auth:8.0.0] AndroidManifest.xml:52:13-76
104            android:exported="false"
104-->[com.firebaseui:firebase-ui-auth:8.0.0] AndroidManifest.xml:53:13-37
105            android:label="@string/fui_title_welcome_back_idp_prompt"
105-->[com.firebaseui:firebase-ui-auth:8.0.0] AndroidManifest.xml:54:13-70
106            android:windowSoftInputMode="adjustResize" />
106-->[com.firebaseui:firebase-ui-auth:8.0.0] AndroidManifest.xml:55:13-55
107        <activity
107-->[com.firebaseui:firebase-ui-auth:8.0.0] AndroidManifest.xml:56:9-60:58
108            android:name="com.firebase.ui.auth.ui.email.WelcomeBackPasswordPrompt"
108-->[com.firebaseui:firebase-ui-auth:8.0.0] AndroidManifest.xml:57:13-83
109            android:exported="false"
109-->[com.firebaseui:firebase-ui-auth:8.0.0] AndroidManifest.xml:58:13-37
110            android:label="@string/fui_title_welcome_back_password_prompt"
110-->[com.firebaseui:firebase-ui-auth:8.0.0] AndroidManifest.xml:59:13-75
111            android:windowSoftInputMode="adjustResize" />
111-->[com.firebaseui:firebase-ui-auth:8.0.0] AndroidManifest.xml:60:13-55
112        <activity
112-->[com.firebaseui:firebase-ui-auth:8.0.0] AndroidManifest.xml:61:9-65:58
113            android:name="com.firebase.ui.auth.ui.email.WelcomeBackEmailLinkPrompt"
113-->[com.firebaseui:firebase-ui-auth:8.0.0] AndroidManifest.xml:62:13-84
114            android:exported="false"
114-->[com.firebaseui:firebase-ui-auth:8.0.0] AndroidManifest.xml:63:13-37
115            android:label="@string/fui_title_welcome_back_password_prompt"
115-->[com.firebaseui:firebase-ui-auth:8.0.0] AndroidManifest.xml:64:13-75
116            android:windowSoftInputMode="adjustResize" />
116-->[com.firebaseui:firebase-ui-auth:8.0.0] AndroidManifest.xml:65:13-55
117        <activity
117-->[com.firebaseui:firebase-ui-auth:8.0.0] AndroidManifest.xml:66:9-71:58
118            android:name="com.firebase.ui.auth.ui.email.EmailLinkCatcherActivity"
118-->[com.firebaseui:firebase-ui-auth:8.0.0] AndroidManifest.xml:67:13-82
119            android:exported="false"
119-->[com.firebaseui:firebase-ui-auth:8.0.0] AndroidManifest.xml:68:13-37
120            android:label=""
120-->[com.firebaseui:firebase-ui-auth:8.0.0] AndroidManifest.xml:69:13-29
121            android:theme="@style/FirebaseUI.Transparent"
121-->[com.firebaseui:firebase-ui-auth:8.0.0] AndroidManifest.xml:70:13-58
122            android:windowSoftInputMode="adjustResize" />
122-->[com.firebaseui:firebase-ui-auth:8.0.0] AndroidManifest.xml:71:13-55
123        <activity
123-->[com.firebaseui:firebase-ui-auth:8.0.0] AndroidManifest.xml:72:9-76:58
124            android:name="com.firebase.ui.auth.ui.email.EmailLinkErrorRecoveryActivity"
124-->[com.firebaseui:firebase-ui-auth:8.0.0] AndroidManifest.xml:73:13-88
125            android:exported="false"
125-->[com.firebaseui:firebase-ui-auth:8.0.0] AndroidManifest.xml:74:13-37
126            android:label="@string/fui_sign_in_default"
126-->[com.firebaseui:firebase-ui-auth:8.0.0] AndroidManifest.xml:75:13-56
127            android:windowSoftInputMode="adjustResize" />
127-->[com.firebaseui:firebase-ui-auth:8.0.0] AndroidManifest.xml:76:13-55
128        <activity
128-->[com.firebaseui:firebase-ui-auth:8.0.0] AndroidManifest.xml:77:9-80:65
129            android:name="com.firebase.ui.auth.ui.idp.AuthMethodPickerActivity"
129-->[com.firebaseui:firebase-ui-auth:8.0.0] AndroidManifest.xml:78:13-80
130            android:exported="false"
130-->[com.firebaseui:firebase-ui-auth:8.0.0] AndroidManifest.xml:79:13-37
131            android:label="@string/fui_default_toolbar_title" />
131-->[com.firebaseui:firebase-ui-auth:8.0.0] AndroidManifest.xml:80:13-62
132        <activity
132-->[com.firebaseui:firebase-ui-auth:8.0.0] AndroidManifest.xml:81:9-85:48
133            android:name="com.facebook.FacebookActivity"
133-->[com.firebaseui:firebase-ui-auth:8.0.0] AndroidManifest.xml:82:13-57
134            android:configChanges="keyboard|keyboardHidden|screenLayout|screenSize|orientation"
134-->[com.firebaseui:firebase-ui-auth:8.0.0] AndroidManifest.xml:83:13-96
135            android:label="@string/app_name" />
135-->[com.firebaseui:firebase-ui-auth:8.0.0] AndroidManifest.xml:84:13-45
136        <activity
136-->[com.firebaseui:firebase-ui-auth:8.0.0] AndroidManifest.xml:86:9-98:20
137            android:name="com.facebook.CustomTabActivity"
137-->[com.firebaseui:firebase-ui-auth:8.0.0] AndroidManifest.xml:87:13-58
138            android:exported="true" >
138-->[com.firebaseui:firebase-ui-auth:8.0.0] AndroidManifest.xml:88:13-36
139            <intent-filter>
139-->[com.firebaseui:firebase-ui-auth:8.0.0] AndroidManifest.xml:90:13-97:29
140                <action android:name="android.intent.action.VIEW" />
140-->[com.firebaseui:firebase-ui-auth:8.0.0] AndroidManifest.xml:91:17-69
140-->[com.firebaseui:firebase-ui-auth:8.0.0] AndroidManifest.xml:91:25-66
141
142                <category android:name="android.intent.category.DEFAULT" />
142-->[com.firebaseui:firebase-ui-auth:8.0.0] AndroidManifest.xml:93:17-76
142-->[com.firebaseui:firebase-ui-auth:8.0.0] AndroidManifest.xml:93:27-73
143                <category android:name="android.intent.category.BROWSABLE" />
143-->[com.firebaseui:firebase-ui-auth:8.0.0] AndroidManifest.xml:94:17-78
143-->[com.firebaseui:firebase-ui-auth:8.0.0] AndroidManifest.xml:94:27-75
144
145                <data android:scheme="@string/facebook_login_protocol_scheme" />
145-->[com.firebaseui:firebase-ui-auth:8.0.0] AndroidManifest.xml:96:17-81
145-->[com.firebaseui:firebase-ui-auth:8.0.0] AndroidManifest.xml:96:23-78
146            </intent-filter>
147        </activity>
148
149        <provider
149-->[com.firebaseui:firebase-ui-auth:8.0.0] AndroidManifest.xml:100:9-104:38
150            android:name="com.firebase.ui.auth.data.client.AuthUiInitProvider"
150-->[com.firebaseui:firebase-ui-auth:8.0.0] AndroidManifest.xml:101:13-79
151            android:authorities="com.example.ezinvoicebusiness.authuiinitprovider"
151-->[com.firebaseui:firebase-ui-auth:8.0.0] AndroidManifest.xml:102:13-70
152            android:exported="false"
152-->[com.firebaseui:firebase-ui-auth:8.0.0] AndroidManifest.xml:103:13-37
153            android:initOrder="90" />
153-->[com.firebaseui:firebase-ui-auth:8.0.0] AndroidManifest.xml:104:13-35
154
155        <activity
155-->[com.google.firebase:firebase-auth:21.0.2] AndroidManifest.xml:27:9-44:20
156            android:name="com.google.firebase.auth.internal.GenericIdpActivity"
156-->[com.google.firebase:firebase-auth:21.0.2] AndroidManifest.xml:28:13-80
157            android:excludeFromRecents="true"
157-->[com.google.firebase:firebase-auth:21.0.2] AndroidManifest.xml:29:13-46
158            android:exported="true"
158-->[com.google.firebase:firebase-auth:21.0.2] AndroidManifest.xml:30:13-36
159            android:launchMode="singleTask"
159-->[com.google.firebase:firebase-auth:21.0.2] AndroidManifest.xml:31:13-44
160            android:theme="@android:style/Theme.Translucent.NoTitleBar" >
160-->[com.google.firebase:firebase-auth:21.0.2] AndroidManifest.xml:32:13-72
161            <intent-filter>
161-->[com.google.firebase:firebase-auth:21.0.2] AndroidManifest.xml:33:13-43:29
162                <action android:name="android.intent.action.VIEW" />
162-->[com.firebaseui:firebase-ui-auth:8.0.0] AndroidManifest.xml:91:17-69
162-->[com.firebaseui:firebase-ui-auth:8.0.0] AndroidManifest.xml:91:25-66
163
164                <category android:name="android.intent.category.DEFAULT" />
164-->[com.firebaseui:firebase-ui-auth:8.0.0] AndroidManifest.xml:93:17-76
164-->[com.firebaseui:firebase-ui-auth:8.0.0] AndroidManifest.xml:93:27-73
165                <category android:name="android.intent.category.BROWSABLE" />
165-->[com.firebaseui:firebase-ui-auth:8.0.0] AndroidManifest.xml:94:17-78
165-->[com.firebaseui:firebase-ui-auth:8.0.0] AndroidManifest.xml:94:27-75
166
167                <data
167-->[com.firebaseui:firebase-ui-auth:8.0.0] AndroidManifest.xml:96:17-81
168                    android:host="firebase.auth"
169                    android:path="/"
170                    android:scheme="genericidp" />
170-->[com.firebaseui:firebase-ui-auth:8.0.0] AndroidManifest.xml:96:23-78
171            </intent-filter>
172        </activity>
173        <activity
173-->[com.google.firebase:firebase-auth:21.0.2] AndroidManifest.xml:45:9-62:20
174            android:name="com.google.firebase.auth.internal.RecaptchaActivity"
174-->[com.google.firebase:firebase-auth:21.0.2] AndroidManifest.xml:46:13-79
175            android:excludeFromRecents="true"
175-->[com.google.firebase:firebase-auth:21.0.2] AndroidManifest.xml:47:13-46
176            android:exported="true"
176-->[com.google.firebase:firebase-auth:21.0.2] AndroidManifest.xml:48:13-36
177            android:launchMode="singleTask"
177-->[com.google.firebase:firebase-auth:21.0.2] AndroidManifest.xml:49:13-44
178            android:theme="@android:style/Theme.Translucent.NoTitleBar" >
178-->[com.google.firebase:firebase-auth:21.0.2] AndroidManifest.xml:50:13-72
179            <intent-filter>
179-->[com.google.firebase:firebase-auth:21.0.2] AndroidManifest.xml:51:13-61:29
180                <action android:name="android.intent.action.VIEW" />
180-->[com.firebaseui:firebase-ui-auth:8.0.0] AndroidManifest.xml:91:17-69
180-->[com.firebaseui:firebase-ui-auth:8.0.0] AndroidManifest.xml:91:25-66
181
182                <category android:name="android.intent.category.DEFAULT" />
182-->[com.firebaseui:firebase-ui-auth:8.0.0] AndroidManifest.xml:93:17-76
182-->[com.firebaseui:firebase-ui-auth:8.0.0] AndroidManifest.xml:93:27-73
183                <category android:name="android.intent.category.BROWSABLE" />
183-->[com.firebaseui:firebase-ui-auth:8.0.0] AndroidManifest.xml:94:17-78
183-->[com.firebaseui:firebase-ui-auth:8.0.0] AndroidManifest.xml:94:27-75
184
185                <data
185-->[com.firebaseui:firebase-ui-auth:8.0.0] AndroidManifest.xml:96:17-81
186                    android:host="firebase.auth"
187                    android:path="/"
188                    android:scheme="recaptcha" />
188-->[com.firebaseui:firebase-ui-auth:8.0.0] AndroidManifest.xml:96:23-78
189            </intent-filter>
190        </activity>
191
192        <service
192-->[com.google.firebase:firebase-auth:21.0.2] AndroidManifest.xml:64:9-70:19
193            android:name="com.google.firebase.components.ComponentDiscoveryService"
193-->[com.google.firebase:firebase-auth:21.0.2] AndroidManifest.xml:65:13-84
194            android:directBootAware="true"
194-->[com.google.firebase:firebase-common:20.1.0] AndroidManifest.xml:35:13-43
195            android:exported="false" >
195-->[com.google.firebase:firebase-auth:21.0.2] AndroidManifest.xml:66:13-37
196            <meta-data
196-->[com.google.firebase:firebase-auth:21.0.2] AndroidManifest.xml:67:13-69:85
197                android:name="com.google.firebase.components:com.google.firebase.auth.FirebaseAuthRegistrar"
197-->[com.google.firebase:firebase-auth:21.0.2] AndroidManifest.xml:68:17-109
198                android:value="com.google.firebase.components.ComponentRegistrar" />
198-->[com.google.firebase:firebase-auth:21.0.2] AndroidManifest.xml:69:17-82
199            <meta-data
199-->[com.google.firebase:firebase-firestore:24.0.2] AndroidManifest.xml:20:13-22:85
200                android:name="com.google.firebase.components:com.google.firebase.firestore.FirestoreRegistrar"
200-->[com.google.firebase:firebase-firestore:24.0.2] AndroidManifest.xml:21:17-111
201                android:value="com.google.firebase.components.ComponentRegistrar" />
201-->[com.google.firebase:firebase-firestore:24.0.2] AndroidManifest.xml:22:17-82
202            <meta-data
202-->[com.google.android.gms:play-services-measurement-api:20.1.1] AndroidManifest.xml:31:13-33:85
203                android:name="com.google.firebase.components:com.google.firebase.analytics.connector.internal.AnalyticsConnectorRegistrar"
203-->[com.google.android.gms:play-services-measurement-api:20.1.1] AndroidManifest.xml:32:17-139
204                android:value="com.google.firebase.components.ComponentRegistrar" />
204-->[com.google.android.gms:play-services-measurement-api:20.1.1] AndroidManifest.xml:33:17-82
205            <meta-data
205-->[com.google.firebase:firebase-installations:17.0.1] AndroidManifest.xml:18:13-20:85
206                android:name="com.google.firebase.components:com.google.firebase.installations.FirebaseInstallationsRegistrar"
206-->[com.google.firebase:firebase-installations:17.0.1] AndroidManifest.xml:19:17-127
207                android:value="com.google.firebase.components.ComponentRegistrar" />
207-->[com.google.firebase:firebase-installations:17.0.1] AndroidManifest.xml:20:17-82
208        </service>
209
210        <provider
210-->[com.google.firebase:firebase-common:20.1.0] AndroidManifest.xml:26:9-31:39
211            android:name="com.google.firebase.provider.FirebaseInitProvider"
211-->[com.google.firebase:firebase-common:20.1.0] AndroidManifest.xml:27:13-77
212            android:authorities="com.example.ezinvoicebusiness.firebaseinitprovider"
212-->[com.google.firebase:firebase-common:20.1.0] AndroidManifest.xml:28:13-72
213            android:directBootAware="true"
213-->[com.google.firebase:firebase-common:20.1.0] AndroidManifest.xml:29:13-43
214            android:exported="false"
214-->[com.google.firebase:firebase-common:20.1.0] AndroidManifest.xml:30:13-37
215            android:initOrder="100" />
215-->[com.google.firebase:firebase-common:20.1.0] AndroidManifest.xml:31:13-36
216
217        <activity
217-->[com.google.android.gms:play-services-auth:19.0.0] AndroidManifest.xml:23:9-27:75
218            android:name="com.google.android.gms.auth.api.signin.internal.SignInHubActivity"
218-->[com.google.android.gms:play-services-auth:19.0.0] AndroidManifest.xml:24:13-93
219            android:excludeFromRecents="true"
219-->[com.google.android.gms:play-services-auth:19.0.0] AndroidManifest.xml:25:13-46
220            android:exported="false"
220-->[com.google.android.gms:play-services-auth:19.0.0] AndroidManifest.xml:26:13-37
221            android:theme="@android:style/Theme.Translucent.NoTitleBar" />
221-->[com.google.android.gms:play-services-auth:19.0.0] AndroidManifest.xml:27:13-72
222        <!--
223            Service handling Google Sign-In user revocation. For apps that do not integrate with
224            Google Sign-In, this service will never be started.
225        -->
226        <service
226-->[com.google.android.gms:play-services-auth:19.0.0] AndroidManifest.xml:33:9-37:51
227            android:name="com.google.android.gms.auth.api.signin.RevocationBoundService"
227-->[com.google.android.gms:play-services-auth:19.0.0] AndroidManifest.xml:34:13-89
228            android:exported="true"
228-->[com.google.android.gms:play-services-auth:19.0.0] AndroidManifest.xml:35:13-36
229            android:permission="com.google.android.gms.auth.api.signin.permission.REVOCATION_NOTIFICATION"
229-->[com.google.android.gms:play-services-auth:19.0.0] AndroidManifest.xml:36:13-107
230            android:visibleToInstantApps="true" />
230-->[com.google.android.gms:play-services-auth:19.0.0] AndroidManifest.xml:37:13-48
231
232        <receiver
232-->[com.google.android.gms:play-services-measurement:20.1.1] AndroidManifest.xml:29:9-33:20
233            android:name="com.google.android.gms.measurement.AppMeasurementReceiver"
233-->[com.google.android.gms:play-services-measurement:20.1.1] AndroidManifest.xml:30:13-85
234            android:enabled="true"
234-->[com.google.android.gms:play-services-measurement:20.1.1] AndroidManifest.xml:31:13-35
235            android:exported="false" >
235-->[com.google.android.gms:play-services-measurement:20.1.1] AndroidManifest.xml:32:13-37
236        </receiver>
237
238        <service
238-->[com.google.android.gms:play-services-measurement:20.1.1] AndroidManifest.xml:35:9-38:40
239            android:name="com.google.android.gms.measurement.AppMeasurementService"
239-->[com.google.android.gms:play-services-measurement:20.1.1] AndroidManifest.xml:36:13-84
240            android:enabled="true"
240-->[com.google.android.gms:play-services-measurement:20.1.1] AndroidManifest.xml:37:13-35
241            android:exported="false" />
241-->[com.google.android.gms:play-services-measurement:20.1.1] AndroidManifest.xml:38:13-37
242        <service
242-->[com.google.android.gms:play-services-measurement:20.1.1] AndroidManifest.xml:39:9-43:72
243            android:name="com.google.android.gms.measurement.AppMeasurementJobService"
243-->[com.google.android.gms:play-services-measurement:20.1.1] AndroidManifest.xml:40:13-87
244            android:enabled="true"
244-->[com.google.android.gms:play-services-measurement:20.1.1] AndroidManifest.xml:41:13-35
245            android:exported="false"
245-->[com.google.android.gms:play-services-measurement:20.1.1] AndroidManifest.xml:42:13-37
246            android:permission="android.permission.BIND_JOB_SERVICE" />
246-->[com.google.android.gms:play-services-measurement:20.1.1] AndroidManifest.xml:43:13-69
247
248        <activity
248-->[com.google.android.gms:play-services-base:18.0.1] AndroidManifest.xml:20:9-22:45
249            android:name="com.google.android.gms.common.api.GoogleApiActivity"
249-->[com.google.android.gms:play-services-base:18.0.1] AndroidManifest.xml:20:19-85
250            android:exported="false"
250-->[com.google.android.gms:play-services-base:18.0.1] AndroidManifest.xml:22:19-43
251            android:theme="@android:style/Theme.Translucent.NoTitleBar" />
251-->[com.google.android.gms:play-services-base:18.0.1] AndroidManifest.xml:21:19-78
252
253        <provider
253-->[androidx.emoji2:emoji2:1.0.0] AndroidManifest.xml:26:9-34:20
254            android:name="androidx.startup.InitializationProvider"
254-->[androidx.emoji2:emoji2:1.0.0] AndroidManifest.xml:27:13-67
255            android:authorities="com.example.ezinvoicebusiness.androidx-startup"
255-->[androidx.emoji2:emoji2:1.0.0] AndroidManifest.xml:28:13-68
256            android:exported="false" >
256-->[androidx.emoji2:emoji2:1.0.0] AndroidManifest.xml:29:13-37
257            <meta-data
257-->[androidx.emoji2:emoji2:1.0.0] AndroidManifest.xml:31:13-33:52
258                android:name="androidx.emoji2.text.EmojiCompatInitializer"
258-->[androidx.emoji2:emoji2:1.0.0] AndroidManifest.xml:32:17-75
259                android:value="androidx.startup" />
259-->[androidx.emoji2:emoji2:1.0.0] AndroidManifest.xml:33:17-49
260            <meta-data
260-->[androidx.lifecycle:lifecycle-process:2.4.0] AndroidManifest.xml:31:13-33:52
261                android:name="androidx.lifecycle.ProcessLifecycleInitializer"
261-->[androidx.lifecycle:lifecycle-process:2.4.0] AndroidManifest.xml:32:17-78
262                android:value="androidx.startup" />
262-->[androidx.lifecycle:lifecycle-process:2.4.0] AndroidManifest.xml:33:17-49
263        </provider>
264    </application>
265
266</manifest>